<?xml version="1.0" encoding="UTF-8"?>
<testsuite xmlns:xsi="http://www.w3.org/2001/XMLSchema-instance" xsi:noNamespaceSchemaLocation="https://maven.apache.org/surefire/maven-surefire-plugin/xsd/surefire-test-report-3.0.xsd" version="3.0" name="com.example.springdeploy.SpringDeployApplicationTests" time="2.105" tests="1" errors="0" skipped="0" failures="0">
  <properties>
[...]
</properties>
  <testcase name="contextLoads" classname="com.example.springdeploy.SpringDeployApplicationTests" time="0.589">
    <system-out><![CDATA[23:57:08.077 [main] INFO org.springframework.test.context.support.AnnotationConfigContextLoaderUtils -- Could not detect default configuration classes for test class [com.example.springdeploy.SpringDeployApplicationTests]: SpringDeployApplicationTests does not declare any static, non-private, non-final, nested classes annotated with @Configuration.
23:57:08.162 [main] INFO org.springframework.boot.test.context.SpringBootTestContextBootstrapper -- Found @SpringBootConfiguration com.example.springdeploy.SpringDeployApplication for test class com.example.springdeploy.SpringDeployApplicationTests
23:57:08.297 [main] INFO org.springframework.boot.devtools.restart.RestartApplicationListener -- Restart disabled due to context in which it is running

  .   ____          _            __ _ _
 /\\ / ___'_ __ _ _(_)_ __  __ _ \ \ \ \
( ( )\___ | '_ | '_| | '_ \/ _` | \ \ \ \
 \\/  ___)| |_)| | | | | || (_| |  ) ) ) )
  '  |____| .__|_| |_|_| |_\__, | / / / /
 =========|_|==============|___/=/_/_/_/
 :: Spring Boot ::                (v3.2.4)

2024-04-24T23:57:08.492+02:00  INFO 20768 --- [spring-deploy] [           main] c.e.s.SpringDeployApplicationTests       : Starting SpringDeployApplicationTests using Java 17.0.8 with PID 20768 (started by jesus in c:\Users\jesus\OneDrive\Escritorio\Programación\Spring\spring-deploy)
2024-04-24T23:57:08.493+02:00  INFO 20768 --- [spring-deploy] [           main] c.e.s.SpringDeployApplicationTests       : The following 1 profile is active: "dev"
2024-04-24T23:57:09.442+02:00  INFO 20768 --- [spring-deploy] [           main] c.e.s.SpringDeployApplicationTests       : Started SpringDeployApplicationTests in 1.154 seconds (process running for 1.877)
]]></system-out>
  </testcase>
</testsuite>